  jsoncpp.cpp
  main.cpp
D:\desktop\work\code\IG_NoOp_5\main.cpp(1,1): warning C4819: 该文件包含不能在当前代码页(936)中表示的字符。请将该文件保存为 Unicode 格式以防止数据丢失
D:\desktop\work\code\IG_NoOp_5\HRindex.h(1,1): warning C4819: 该文件包含不能在当前代码页(936)中表示的字符。请将该文件保存为 Unicode 格式以防止数据丢失
D:\desktop\work\code\IG_NoOp_5\Lifespan.h(183,23): warning C4018: “<”: 有符号/无符号不匹配
D:\desktop\work\code\IG_NoOp_5\Graph.h(1,1): warning C4819: 该文件包含不能在当前代码页(936)中表示的字符。请将该文件保存为 Unicode 格式以防止数据丢失
D:\desktop\work\code\IG_NoOp_5\Graph.h(42,45): warning C4099: “std::vector<VerNode,std::allocator<VerNode>>”: 类型名称以前使用“class”现在使用的是“struct”
D:\desktop\work\code\IG_NoOp_5\Graph.h(42): message : 参见“std::vector<VerNode,std::allocator<VerNode>>”的声明
D:\desktop\work\code\IG_NoOp_5\Graph.h(120,23): warning C4018: “<”: 有符号/无符号不匹配
D:\desktop\work\code\IG_NoOp_5\Graph.h(349,23): warning C4018: “<”: 有符号/无符号不匹配
D:\desktop\work\code\IG_NoOp_5\SCCTable.h(1,1): warning C4819: 该文件包含不能在当前代码页(936)中表示的字符。请将该文件保存为 Unicode 格式以防止数据丢失
D:\desktop\work\code\IG_NoOp_5\NIT.h(1,1): warning C4819: 该文件包含不能在当前代码页(936)中表示的字符。请将该文件保存为 Unicode 格式以防止数据丢失
D:\desktop\work\code\IG_NoOp_5\NIT.h(60,48): warning C4099: “std::vector<RecordItem,std::allocator<RecordItem>>”: 类型名称以前使用“class”现在使用的是“struct”
D:\desktop\work\code\IG_NoOp_5\NIT.h(60): message : 参见“std::vector<RecordItem,std::allocator<RecordItem>>”的声明
D:\desktop\work\code\IG_NoOp_5\NIT.h(61,54): warning C4099: “std::vector<RefineRecordItem,std::allocator<RefineRecordItem>>”: 类型名称以前使用“class”现在使用的是“struct”
D:\desktop\work\code\IG_NoOp_5\NIT.h(61): message : 参见“std::vector<RefineRecordItem,std::allocator<RefineRecordItem>>”的声明
D:\desktop\work\code\IG_NoOp_5\NIT.h(139,35): warning C4018: “<”: 有符号/无符号不匹配
D:\desktop\work\code\IG_NoOp_5\NIT.h(180,23): warning C4018: “<”: 有符号/无符号不匹配
D:\desktop\work\code\IG_NoOp_5\NIT.h(191,23): warning C4018: “<”: 有符号/无符号不匹配
D:\desktop\work\code\IG_NoOp_5\NIT.h(292,27): warning C4018: “<”: 有符号/无符号不匹配
D:\desktop\work\code\IG_NoOp_5\NIT.h(297,27): warning C4018: “<”: 有符号/无符号不匹配
D:\desktop\work\code\IG_NoOp_5\NIT.h(323,35): warning C4018: “<”: 有符号/无符号不匹配
D:\desktop\work\code\IG_NoOp_5\SCCTable.h(153,35): warning C4018: “<”: 有符号/无符号不匹配
D:\desktop\work\code\IG_NoOp_5\Process_Snapshots.h(1,1): warning C4819: 该文件包含不能在当前代码页(936)中表示的字符。请将该文件保存为 Unicode 格式以防止数据丢失
D:\desktop\work\code\IG_NoOp_5\IndexGraph.h(1,1): warning C4819: 该文件包含不能在当前代码页(936)中表示的字符。请将该文件保存为 Unicode 格式以防止数据丢失
D:\desktop\work\code\IG_NoOp_5\IndexGraph.h(76,41): warning C4099: “std::vector<IGVerNode,std::allocator<IGVerNode>>”: 类型名称以前使用“class”现在使用的是“struct”
D:\desktop\work\code\IG_NoOp_5\IndexGraph.h(76): message : 参见“std::vector<IGVerNode,std::allocator<IGVerNode>>”的声明
D:\desktop\work\code\IG_NoOp_5\IndexGraph.h(170,23): warning C4018: “<”: 有符号/无符号不匹配
D:\desktop\work\code\IG_NoOp_5\IndexGraph.h(180,23): warning C4018: “<”: 有符号/无符号不匹配
D:\desktop\work\code\IG_NoOp_5\IndexGraph.h(370,23): warning C4018: “<”: 有符号/无符号不匹配
D:\desktop\work\code\IG_NoOp_5\IndexGraph.h(381,23): warning C4018: “<”: 有符号/无符号不匹配
D:\desktop\work\code\IG_NoOp_5\IndexGraph.h(532,23): warning C4018: “<”: 有符号/无符号不匹配
D:\desktop\work\code\IG_NoOp_5\IndexGraph.h(695,23): warning C4018: “<”: 有符号/无符号不匹配
D:\desktop\work\code\IG_NoOp_5\IndexGraph.h(726,23): warning C4018: “<”: 有符号/无符号不匹配
D:\desktop\work\code\IG_NoOp_5\IndexGraph.h(747,35): warning C4018: “<”: 有符号/无符号不匹配
D:\desktop\work\code\IG_NoOp_5\IndexGraph.h(749,39): warning C4018: “<”: 有符号/无符号不匹配
D:\desktop\work\code\IG_NoOp_5\IndexGraph.h(762,23): warning C4018: “<”: 有符号/无符号不匹配
D:\desktop\work\code\IG_NoOp_5\IndexGraph.h(793,23): warning C4018: “<”: 有符号/无符号不匹配
D:\desktop\work\code\IG_NoOp_5\IndexGraph.h(831,23): warning C4018: “<”: 有符号/无符号不匹配
D:\desktop\work\code\IG_NoOp_5\IndexGraph.h(845,1): warning C4819: 该文件包含不能在当前代码页(936)中表示的字符。请将该文件保存为 Unicode 格式以防止数据丢失
D:\desktop\work\code\IG_NoOp_5\IndexGraph.h(857,23): warning C4018: “<”: 有符号/无符号不匹配
D:\desktop\work\code\IG_NoOp_5\IndexGraph.h(863,23): warning C4018: “<”: 有符号/无符号不匹配
D:\desktop\work\code\IG_NoOp_5\IndexGraph.h(884,27): warning C4018: “<”: 有符号/无符号不匹配
D:\desktop\work\code\IG_NoOp_5\IndexGraph.h(892,27): warning C4018: “<”: 有符号/无符号不匹配
D:\desktop\work\code\IG_NoOp_5\Process_Query.h(1,1): warning C4819: 该文件包含不能在当前代码页(936)中表示的字符。请将该文件保存为 Unicode 格式以防止数据丢失
D:\desktop\work\code\IG_NoOp_5\HRindex.h(1,1): warning C4819: 该文件包含不能在当前代码页(936)中表示的字符。请将该文件保存为 Unicode 格式以防止数据丢失
D:\desktop\work\code\IG_NoOp_5\HRindex.h(715,1): warning C4819: 该文件包含不能在当前代码页(936)中表示的字符。请将该文件保存为 Unicode 格式以防止数据丢失
D:\desktop\work\code\IG_NoOp_5\Process_Query.h(73,23): warning C4018: “<”: 有符号/无符号不匹配
D:\desktop\work\code\IG_NoOp_5\Process_Query.h(109,13): warning C4996: 'sscanf': This function or variable may be unsafe. Consider using sscanf_s instead. To disable deprecation, use _CRT_SECURE_NO_WARNINGS. See online help for details.
D:\desktop\work\code\IG_NoOp_5\Process_Query.h(561,51): warning C4018: “<”: 有符号/无符号不匹配
D:\desktop\work\code\IG_NoOp_5\SCCGraph.h(1,1): warning C4819: 该文件包含不能在当前代码页(936)中表示的字符。请将该文件保存为 Unicode 格式以防止数据丢失
D:\desktop\work\code\IG_NoOp_5\HRindex.h(142,16): warning C4996: 'ctime': This function or variable may be unsafe. Consider using ctime_s instead. To disable deprecation, use _CRT_SECURE_NO_WARNINGS. See online help for details.
D:\desktop\work\code\IG_NoOp_5\HRindex.h(157,27): warning C4018: “<”: 有符号/无符号不匹配
D:\desktop\work\code\IG_NoOp_5\HRindex.h(244,23): warning C4018: “<”: 有符号/无符号不匹配
D:\desktop\work\code\IG_NoOp_5\HRindex.h(258,23): warning C4018: “<”: 有符号/无符号不匹配
D:\desktop\work\code\IG_NoOp_5\HRindex.h(715,1): warning C4819: 该文件包含不能在当前代码页(936)中表示的字符。请将该文件保存为 Unicode 格式以防止数据丢失
D:\desktop\work\code\IG_NoOp_5\HRindex.h(637,16): warning C4101: “findCycleDuration”: 未引用的局部变量
D:\desktop\work\code\IG_NoOp_5\HRindex.h(636,33): warning C4101: “findCycleEnd”: 未引用的局部变量
D:\desktop\work\code\IG_NoOp_5\HRindex.h(932,20): warning C4101: “end”: 未引用的局部变量
D:\desktop\work\code\IG_NoOp_5\HRindex.h(933,12): warning C4101: “duration”: 未引用的局部变量
D:\desktop\work\code\IG_NoOp_5\main.cpp(49,16): warning C4996: 'ctime': This function or variable may be unsafe. Consider using ctime_s instead. To disable deprecation, use _CRT_SECURE_NO_WARNINGS. See online help for details.
  正在生成代码...
main.obj : error LNK2019: 无法解析的外部符号 "class std::vector<struct QueryOnIG,class std::allocator<struct QueryOnIG> > __cdecl ProcessEGSConQuery2(class IGraph &,class std::map<int,class std::vector<struct SccID_Life,class std::allocator<struct SccID_Life> >,struct std::less<int>,class std::allocator<struct std::pair<int const ,class std::vector<struct SccID_Life,class std::allocator<struct SccID_Life> > > > > &,int,int,class std::bitset<20>,double &)" (?ProcessEGSConQuery2@@YA?AV?$vector@UQueryOnIG@@V?$allocator@UQueryOnIG@@@std@@@std@@AAVIGraph@@AAV?$map@HV?$vector@USccID_Life@@V?$allocator@USccID_Life@@@std@@@std@@U?$less@H@2@V?$allocator@U?$pair@$$CBHV?$vector@USccID_Life@@V?$allocator@USccID_Life@@@std@@@std@@@std@@@2@@2@HHV?$bitset@$0BE@@2@AAN@Z)，函数 __catch$?ProcessEGSConQuery@@YA?AV?$vector@UQueryOnIG@@V?$allocator@UQueryOnIG@@@std@@@std@@AAVIGraph@@AAV?$set@USCCTableItem@@U?$less@USCCTableItem@@@std@@V?$allocator@USCCTableItem@@@3@@2@HHV?$bitset@$0BE@@2@AAN@Z$2 中引用了该符号
main.obj : error LNK2019: 无法解析的外部符号 "struct Node2Scc __cdecl FindSccsOfNode2(class std::map<int,class std::vector<struct SccID_Life,class std::allocator<struct SccID_Life> >,struct std::less<int>,class std::allocator<struct std::pair<int const ,class std::vector<struct SccID_Life,class std::allocator<struct SccID_Life> > > > > &,int,class std::bitset<20>)" (?FindSccsOfNode2@@YA?AUNode2Scc@@AAV?$map@HV?$vector@USccID_Life@@V?$allocator@USccID_Life@@@std@@@std@@U?$less@H@2@V?$allocator@U?$pair@$$CBHV?$vector@USccID_Life@@V?$allocator@USccID_Life@@@std@@@std@@@std@@@2@@std@@HV?$bitset@$0BE@@3@@Z)，函数 __catch$?ProcessEGSConQuery@@YA?AV?$vector@UQueryOnIG@@V?$allocator@UQueryOnIG@@@std@@@std@@AAVIGraph@@AAV?$set@USCCTableItem@@U?$less@USCCTableItem@@@std@@V?$allocator@USCCTableItem@@@3@@2@HHV?$bitset@$0BE@@2@AAN@Z$2 中引用了该符号
MSVCRTD.lib(exe_winmain.obj) : error LNK2019: 无法解析的外部符号 _WinMain@16，函数 "int __cdecl invoke_main(void)" (?invoke_main@@YAHXZ) 中引用了该符号
D:\desktop\work\code\IG_NoOp_5\Debug\code.exe : fatal error LNK1120: 3 个无法解析的外部命令
